pi5_ms_mobile/build/app/intermediates/manifest_merge_blame_file/debug/processDebugMainManifest/manifest-merger-blame-debug-report.txt
1<?xml version="1.0" encoding="utf-8"?>
2<manifest xmlns:android="http://schemas.android.com/apk/res/android"
3    package="com.example.pi5_ms_mobile"
4    android:versionCode="1"
5    android:versionName="1.0.0" >
6
7    <uses-sdk
8        android:minSdkVersion="21"
9        android:targetSdkVersion="35" />
10    <!--
11         The INTERNET permission is required for development. Specifically,
12         the Flutter tool needs it to communicate with the running application
13         to allow setting breakpoints, to provide hot reload, etc.
14    -->
15    <uses-permission android:name="android.permission.INTERNET" />
15-->src\main\AndroidManifest.xml:2:5-66
15-->src\main\AndroidManifest.xml:2:22-64
16    <uses-permission android:name="android.permission.RECEIVE_BOOT_COMPLETED" />
16-->src\main\AndroidManifest.xml:3:5-81
16-->src\main\AndroidManifest.xml:3:22-78
17    <uses-permission android:name="android.permission.VIBRATE" />
17-->src\main\AndroidManifest.xml:4:5-66
17-->src\main\AndroidManifest.xml:4:22-63
18    <!--
19 Required to query activities that can process text, see:
20         https://developer.android.com/training/package-visibility and
21         https://developer.android.com/reference/android/content/Intent#ACTION_PROCESS_TEXT.
22
23         In particular, this is used by the Flutter engine in io.flutter.plugin.text.ProcessTextPlugin.
24    -->
25    <queries>
25-->src\main\AndroidManifest.xml:42:5-47:15
26        <intent>
26-->src\main\AndroidManifest.xml:43:9-46:18
27            <action android:name="android.intent.action.PROCESS_TEXT" />
27-->src\main\AndroidManifest.xml:44:13-72
27-->src\main\AndroidManifest.xml:44:21-70
28
29            <data android:mimeType="text/plain" />
29-->src\main\AndroidManifest.xml:45:13-50
29-->src\main\AndroidManifest.xml:45:19-48
30        </intent>
31    </queries>
32
33    <uses-permission android:name="android.permission.WAKE_LOCK" />
33-->[:firebase_messaging] AndroidManifest.xml:8:5-68
33-->[:firebase_messaging] AndroidManifest.xml:8:22-65
34    <uses-permission android:name="android.permission.ACCESS_NETWORK_STATE" /> <!-- Permissions options for the `notification` group -->
34-->[:firebase_messaging] AndroidManifest.xml:9:5-79
34-->[:firebase_messaging] AndroidManifest.xml:9:22-76
35    <uses-permission android:name="android.permission.POST_NOTIFICATIONS" /> <!-- Required by older versions of Google Play services to create IID tokens -->
35-->[:firebase_messaging] AndroidManifest.xml:11:5-77
35-->[:firebase_messaging] AndroidManifest.xml:11:22-74
36    <uses-permission android:name="com.google.android.c2dm.permission.RECEIVE" />
36-->[com.google.firebase:firebase-messaging:24.1.1] AndroidManifest.xml:26:5-82
36-->[com.google.firebase:firebase-messaging:24.1.1] AndroidManifest.xml:26:22-79
37
38    <permission
38-->[androidx.core:core:1.13.1] AndroidManifest.xml:22:5-24:47
39        android:name="com.example.pi5_ms_mobile.DYNAMIC_RECEIVER_NOT_EXPORTED_PERMISSION"
39-->[androidx.core:core:1.13.1] AndroidManifest.xml:23:9-81
40        android:protectionLevel="signature" />
40-->[androidx.core:core:1.13.1] AndroidManifest.xml:24:9-44
41
42    <uses-permission android:name="com.example.pi5_ms_mobile.DYNAMIC_RECEIVER_NOT_EXPORTED_PERMISSION" />
42-->[androidx.core:core:1.13.1] AndroidManifest.xml:26:5-97
42-->[androidx.core:core:1.13.1] AndroidManifest.xml:26:22-94
43
44    <application
45        android:name="android.app.Application"
46        android:appComponentFactory="androidx.core.app.CoreComponentFactory"
46-->[androidx.core:core:1.13.1] AndroidManifest.xml:28:18-86
47        android:debuggable="true"
48        android:extractNativeLibs="true"
49        android:icon="@mipmap/ic_launcher"
50        android:label="pi5_ms_mobile" >
51        <activity
52            android:name="com.example.pi5_ms_mobile.MainActivity"
53            android:configChanges="orientation|keyboardHidden|keyboard|screenSize|smallestScreenSize|locale|layoutDirection|fontScale|screenLayout|density|uiMode"
54            android:exported="true"
55            android:hardwareAccelerated="true"
56            android:launchMode="singleTop"
57            android:taskAffinity=""
58            android:theme="@style/LaunchTheme"
59            android:windowSoftInputMode="adjustResize" >
60
61            <!--
62                 Specifies an Android theme to apply to this Activity as soon as
63                 the Android process has started. This theme is visible to the user
64                 while the Flutter UI initializes. After that, this theme continues
65                 to determine the Window background behind the Flutter UI.
66            -->
67            <meta-data
68                android:name="io.flutter.embedding.android.NormalTheme"
69                android:resource="@style/NormalTheme" />
70
71            <intent-filter>
72                <action android:name="android.intent.action.MAIN" />
73
74                <category android:name="android.intent.category.LAUNCHER" />
75            </intent-filter>
76        </activity>
77        <!--
78             Don't delete the meta-data below.
79             This is used by the Flutter tool to generate GeneratedPluginRegistrant.java
80        -->
81        <meta-data
82            android:name="flutterEmbedding"
83            android:value="2" />
84
85        <service
85-->[:firebase_messaging] AndroidManifest.xml:14:9-17:72
86            android:name="io.flutter.plugins.firebase.messaging.FlutterFirebaseMessagingBackgroundService"
86-->[:firebase_messaging] AndroidManifest.xml:15:13-107
87            android:exported="false"
87-->[:firebase_messaging] AndroidManifest.xml:16:13-37
88            android:permission="android.permission.BIND_JOB_SERVICE" />
88-->[:firebase_messaging] AndroidManifest.xml:17:13-69
89        <service
89-->[:firebase_messaging] AndroidManifest.xml:18:9-24:19
90            android:name="io.flutter.plugins.firebase.messaging.FlutterFirebaseMessagingService"
90-->[:firebase_messaging] AndroidManifest.xml:19:13-97
91            android:exported="false" >
91-->[:firebase_messaging] AndroidManifest.xml:20:13-37
92            <intent-filter>
92-->[:firebase_messaging] AndroidManifest.xml:21:13-23:29
93                <action android:name="com.google.firebase.MESSAGING_EVENT" />
93-->[:firebase_messaging] AndroidManifest.xml:22:17-78
93-->[:firebase_messaging] AndroidManifest.xml:22:25-75
94            </intent-filter>
95        </service>
96
97        <receiver
97-->[:firebase_messaging] AndroidManifest.xml:26:9-33:20
98            android:name="io.flutter.plugins.firebase.messaging.FlutterFirebaseMessagingReceiver"
98-->[:firebase_messaging] AndroidManifest.xml:27:13-98
99            android:exported="true"
99-->[:firebase_messaging] AndroidManifest.xml:28:13-36
100            android:permission="com.google.android.c2dm.permission.SEND" >
100-->[:firebase_messaging] AndroidManifest.xml:29:13-73
101            <intent-filter>
101-->[:firebase_messaging] AndroidManifest.xml:30:13-32:29
102                <action android:name="com.google.android.c2dm.intent.RECEIVE" />
102-->[:firebase_messaging] AndroidManifest.xml:31:17-81
102-->[:firebase_messaging] AndroidManifest.xml:31:25-78
103            </intent-filter>
104        </receiver>
105
106        <service
106-->[:firebase_messaging] AndroidManifest.xml:35:9-39:19
107            android:name="com.google.firebase.components.ComponentDiscoveryService"
107-->[:firebase_messaging] AndroidManifest.xml:35:18-89
108            android:directBootAware="true"
108-->[com.google.firebase:firebase-common:21.0.0] AndroidManifest.xml:32:13-43
109            android:exported="false" >
109-->[com.google.firebase:firebase-messaging:24.1.1] AndroidManifest.xml:56:13-37
110            <meta-data
110-->[:firebase_messaging] AndroidManifest.xml:36:13-38:85
111                android:name="com.google.firebase.components:io.flutter.plugins.firebase.messaging.FlutterFirebaseAppRegistrar"
111-->[:firebase_messaging] AndroidManifest.xml:37:17-128
112                android:value="com.google.firebase.components.ComponentRegistrar" />
112-->[:firebase_messaging] AndroidManifest.xml:38:17-82
113            <meta-data
113-->[:firebase_core] AndroidManifest.xml:9:13-11:85
114                android:name="com.google.firebase.components:io.flutter.plugins.firebase.core.FlutterFirebaseCoreRegistrar"
114-->[:firebase_core] AndroidManifest.xml:10:17-124
115                android:value="com.google.firebase.components.ComponentRegistrar" />
115-->[:firebase_core] AndroidManifest.xml:11:17-82
116            <meta-data
116-->[com.google.firebase:firebase-messaging:24.1.1] AndroidManifest.xml:57:13-59:85
117                android:name="com.google.firebase.components:com.google.firebase.messaging.FirebaseMessagingKtxRegistrar"
117-->[com.google.firebase:firebase-messaging:24.1.1] AndroidManifest.xml:58:17-122
118                android:value="com.google.firebase.components.ComponentRegistrar" />
118-->[com.google.firebase:firebase-messaging:24.1.1] AndroidManifest.xml:59:17-82
119            <meta-data
119-->[com.google.firebase:firebase-messaging:24.1.1] AndroidManifest.xml:60:13-62:85
120                android:name="com.google.firebase.components:com.google.firebase.messaging.FirebaseMessagingRegistrar"
120-->[com.google.firebase:firebase-messaging:24.1.1] AndroidManifest.xml:61:17-119
121                android:value="com.google.firebase.components.ComponentRegistrar" />
121-->[com.google.firebase:firebase-messaging:24.1.1] AndroidManifest.xml:62:17-82
122            <meta-data
122-->[com.google.firebase:firebase-installations:18.0.0] AndroidManifest.xml:15:13-17:85
123                android:name="com.google.firebase.components:com.google.firebase.installations.FirebaseInstallationsKtxRegistrar"
123-->[com.google.firebase:firebase-installations:18.0.0] AndroidManifest.xml:16:17-130
124                android:value="com.google.firebase.components.ComponentRegistrar" />
124-->[com.google.firebase:firebase-installations:18.0.0] AndroidManifest.xml:17:17-82
125            <meta-data
125-->[com.google.firebase:firebase-installations:18.0.0] AndroidManifest.xml:18:13-20:85
126                android:name="com.google.firebase.components:com.google.firebase.installations.FirebaseInstallationsRegistrar"
126-->[com.google.firebase:firebase-installations:18.0.0] AndroidManifest.xml:19:17-127
127                android:value="com.google.firebase.components.ComponentRegistrar" />
127-->[com.google.firebase:firebase-installations:18.0.0] AndroidManifest.xml:20:17-82
128            <meta-data
128-->[com.google.firebase:firebase-common-ktx:21.0.0] AndroidManifest.xml:12:13-14:85
129                android:name="com.google.firebase.components:com.google.firebase.ktx.FirebaseCommonLegacyRegistrar"
129-->[com.google.firebase:firebase-common-ktx:21.0.0] AndroidManifest.xml:13:17-116
130                android:value="com.google.firebase.components.ComponentRegistrar" />
130-->[com.google.firebase:firebase-common-ktx:21.0.0] AndroidManifest.xml:14:17-82
131            <meta-data
131-->[com.google.firebase:firebase-common:21.0.0] AndroidManifest.xml:35:13-37:85
132                android:name="com.google.firebase.components:com.google.firebase.FirebaseCommonKtxRegistrar"
132-->[com.google.firebase:firebase-common:21.0.0] AndroidManifest.xml:36:17-109
133                android:value="com.google.firebase.components.ComponentRegistrar" />
133-->[com.google.firebase:firebase-common:21.0.0] AndroidManifest.xml:37:17-82
134            <meta-data
134-->[com.google.firebase:firebase-datatransport:18.2.0] AndroidManifest.xml:25:13-27:85
135                android:name="com.google.firebase.components:com.google.firebase.datatransport.TransportRegistrar"
135-->[com.google.firebase:firebase-datatransport:18.2.0] AndroidManifest.xml:26:17-115
136                android:value="com.google.firebase.components.ComponentRegistrar" />
136-->[com.google.firebase:firebase-datatransport:18.2.0] AndroidManifest.xml:27:17-82
137        </service>
138
139        <provider
139-->[:firebase_messaging] AndroidManifest.xml:41:9-45:38
140            android:name="io.flutter.plugins.firebase.messaging.FlutterFirebaseMessagingInitProvider"
140-->[:firebase_messaging] AndroidManifest.xml:42:13-102
141            android:authorities="com.example.pi5_ms_mobile.flutterfirebasemessaginginitprovider"
141-->[:firebase_messaging] AndroidManifest.xml:43:13-88
142            android:exported="false"
142-->[:firebase_messaging] AndroidManifest.xml:44:13-37
143            android:initOrder="99" />
143-->[:firebase_messaging] AndroidManifest.xml:45:13-35
144
145        <receiver
145-->[com.google.firebase:firebase-messaging:24.1.1] AndroidManifest.xml:29:9-40:20
146            android:name="com.google.firebase.iid.FirebaseInstanceIdReceiver"
146-->[com.google.firebase:firebase-messaging:24.1.1] AndroidManifest.xml:30:13-78
147            android:exported="true"
147-->[com.google.firebase:firebase-messaging:24.1.1] AndroidManifest.xml:31:13-36
148            android:permission="com.google.android.c2dm.permission.SEND" >
148-->[com.google.firebase:firebase-messaging:24.1.1] AndroidManifest.xml:32:13-73
149            <intent-filter>
149-->[:firebase_messaging] AndroidManifest.xml:30:13-32:29
150                <action android:name="com.google.android.c2dm.intent.RECEIVE" />
150-->[:firebase_messaging] AndroidManifest.xml:31:17-81
150-->[:firebase_messaging] AndroidManifest.xml:31:25-78
151            </intent-filter>
152
153            <meta-data
153-->[com.google.firebase:firebase-messaging:24.1.1] AndroidManifest.xml:37:13-39:40
154                android:name="com.google.android.gms.cloudmessaging.FINISHED_AFTER_HANDLED"
154-->[com.google.firebase:firebase-messaging:24.1.1] AndroidManifest.xml:38:17-92
155                android:value="true" />
155-->[com.google.firebase:firebase-messaging:24.1.1] AndroidManifest.xml:39:17-37
156        </receiver>
157        <!--
158             FirebaseMessagingService performs security checks at runtime,
159             but set to not exported to explicitly avoid allowing another app to call it.
160        -->
161        <service
161-->[com.google.firebase:firebase-messaging:24.1.1] AndroidManifest.xml:46:9-53:19
162            android:name="com.google.firebase.messaging.FirebaseMessagingService"
162-->[com.google.firebase:firebase-messaging:24.1.1] AndroidManifest.xml:47:13-82
163            android:directBootAware="true"
163-->[com.google.firebase:firebase-messaging:24.1.1] AndroidManifest.xml:48:13-43
164            android:exported="false" >
164-->[com.google.firebase:firebase-messaging:24.1.1] AndroidManifest.xml:49:13-37
165            <intent-filter android:priority="-500" >
165-->[:firebase_messaging] AndroidManifest.xml:21:13-23:29
166                <action android:name="com.google.firebase.MESSAGING_EVENT" />
166-->[:firebase_messaging] AndroidManifest.xml:22:17-78
166-->[:firebase_messaging] AndroidManifest.xml:22:25-75
167            </intent-filter>
168        </service>
169
170        <activity
170-->[:url_launcher_android] AndroidManifest.xml:8:9-11:74
171            android:name="io.flutter.plugins.urllauncher.WebViewActivity"
171-->[:url_launcher_android] AndroidManifest.xml:9:13-74
172            android:exported="false"
172-->[:url_launcher_android] AndroidManifest.xml:10:13-37
173            android:theme="@android:style/Theme.NoTitleBar.Fullscreen" />
173-->[:url_launcher_android] AndroidManifest.xml:11:13-71
174
175        <uses-library
175-->[androidx.window:window:1.2.0] AndroidManifest.xml:23:9-25:40
176            android:name="androidx.window.extensions"
176-->[androidx.window:window:1.2.0] AndroidManifest.xml:24:13-54
177            android:required="false" />
177-->[androidx.window:window:1.2.0] AndroidManifest.xml:25:13-37
178        <uses-library
178-->[androidx.window:window:1.2.0] AndroidManifest.xml:26:9-28:40
179            android:name="androidx.window.sidecar"
179-->[androidx.window:window:1.2.0] AndroidManifest.xml:27:13-51
180            android:required="false" />
180-->[androidx.window:window:1.2.0] AndroidManifest.xml:28:13-37
181
182        <provider
182-->[com.google.firebase:firebase-common:21.0.0] AndroidManifest.xml:23:9-28:39
183            android:name="com.google.firebase.provider.FirebaseInitProvider"
183-->[com.google.firebase:firebase-common:21.0.0] AndroidManifest.xml:24:13-77
184            android:authorities="com.example.pi5_ms_mobile.firebaseinitprovider"
184-->[com.google.firebase:firebase-common:21.0.0] AndroidManifest.xml:25:13-72
185            android:directBootAware="true"
185-->[com.google.firebase:firebase-common:21.0.0] AndroidManifest.xml:26:13-43
186            android:exported="false"
186-->[com.google.firebase:firebase-common:21.0.0] AndroidManifest.xml:27:13-37
187            android:initOrder="100" />
187-->[com.google.firebase:firebase-common:21.0.0] AndroidManifest.xml:28:13-36
188
189        <activity
189-->[com.google.android.gms:play-services-base:18.1.0] AndroidManifest.xml:20:9-22:45
190            android:name="com.google.android.gms.common.api.GoogleApiActivity"
190-->[com.google.android.gms:play-services-base:18.1.0] AndroidManifest.xml:20:19-85
191            android:exported="false"
191-->[com.google.android.gms:play-services-base:18.1.0] AndroidManifest.xml:22:19-43
192            android:theme="@android:style/Theme.Translucent.NoTitleBar" />
192-->[com.google.android.gms:play-services-base:18.1.0] AndroidManifest.xml:21:19-78
193
194        <provider
194-->[androidx.lifecycle:lifecycle-process:2.7.0] AndroidManifest.xml:24:9-32:20
195            android:name="androidx.startup.InitializationProvider"
195-->[androidx.lifecycle:lifecycle-process:2.7.0] AndroidManifest.xml:25:13-67
196            android:authorities="com.example.pi5_ms_mobile.androidx-startup"
196-->[androidx.lifecycle:lifecycle-process:2.7.0] AndroidManifest.xml:26:13-68
197            android:exported="false" >
197-->[androidx.lifecycle:lifecycle-process:2.7.0] AndroidManifest.xml:27:13-37
198            <meta-data
198-->[androidx.lifecycle:lifecycle-process:2.7.0] AndroidManifest.xml:29:13-31:52
199                android:name="androidx.lifecycle.ProcessLifecycleInitializer"
199-->[androidx.lifecycle:lifecycle-process:2.7.0] AndroidManifest.xml:30:17-78
200                android:value="androidx.startup" />
200-->[androidx.lifecycle:lifecycle-process:2.7.0] AndroidManifest.xml:31:17-49
201            <meta-data
201-->[androidx.profileinstaller:profileinstaller:1.3.1] AndroidManifest.xml:29:13-31:52
202                android:name="androidx.profileinstaller.ProfileInstallerInitializer"
202-->[androidx.profileinstaller:profileinstaller:1.3.1] AndroidManifest.xml:30:17-85
203                android:value="androidx.startup" />
203-->[androidx.profileinstaller:profileinstaller:1.3.1] AndroidManifest.xml:31:17-49
204        </provider>
205
206        <meta-data
206-->[com.google.android.gms:play-services-basement:18.3.0] AndroidManifest.xml:21:9-23:69
207            android:name="com.google.android.gms.version"
207-->[com.google.android.gms:play-services-basement:18.3.0] AndroidManifest.xml:22:13-58
208            android:value="@integer/google_play_services_version" />
208-->[com.google.android.gms:play-services-basement:18.3.0] AndroidManifest.xml:23:13-66
209
210        <receiver
210-->[androidx.profileinstaller:profileinstaller:1.3.1] AndroidManifest.xml:34:9-52:20
211            android:name="androidx.profileinstaller.ProfileInstallReceiver"
211-->[androidx.profileinstaller:profileinstaller:1.3.1] AndroidManifest.xml:35:13-76
212            android:directBootAware="false"
212-->[androidx.profileinstaller:profileinstaller:1.3.1] AndroidManifest.xml:36:13-44
213            android:enabled="true"
213-->[androidx.profileinstaller:profileinstaller:1.3.1] AndroidManifest.xml:37:13-35
214            android:exported="true"
214-->[androidx.profileinstaller:profileinstaller:1.3.1] AndroidManifest.xml:38:13-36
215            android:permission="android.permission.DUMP" >
215-->[androidx.profileinstaller:profileinstaller:1.3.1] AndroidManifest.xml:39:13-57
216            <intent-filter>
216-->[androidx.profileinstaller:profileinstaller:1.3.1] AndroidManifest.xml:40:13-42:29
217                <action android:name="androidx.profileinstaller.action.INSTALL_PROFILE" />
217-->[androidx.profileinstaller:profileinstaller:1.3.1] AndroidManifest.xml:41:17-91
217-->[androidx.profileinstaller:profileinstaller:1.3.1] AndroidManifest.xml:41:25-88
218            </intent-filter>
219            <intent-filter>
219-->[androidx.profileinstaller:profileinstaller:1.3.1] AndroidManifest.xml:43:13-45:29
220                <action android:name="androidx.profileinstaller.action.SKIP_FILE" />
220-->[androidx.profileinstaller:profileinstaller:1.3.1] AndroidManifest.xml:44:17-85
220-->[androidx.profileinstaller:profileinstaller:1.3.1] AndroidManifest.xml:44:25-82
221            </intent-filter>
222            <intent-filter>
222-->[androidx.profileinstaller:profileinstaller:1.3.1] AndroidManifest.xml:46:13-48:29
223                <action android:name="androidx.profileinstaller.action.SAVE_PROFILE" />
223-->[androidx.profileinstaller:profileinstaller:1.3.1] AndroidManifest.xml:47:17-88
223-->[androidx.profileinstaller:profileinstaller:1.3.1] AndroidManifest.xml:47:25-85
224            </intent-filter>
225            <intent-filter>
225-->[androidx.profileinstaller:profileinstaller:1.3.1] AndroidManifest.xml:49:13-51:29
226                <action android:name="androidx.profileinstaller.action.BENCHMARK_OPERATION" />
226-->[androidx.profileinstaller:profileinstaller:1.3.1] AndroidManifest.xml:50:17-95
226-->[androidx.profileinstaller:profileinstaller:1.3.1] AndroidManifest.xml:50:25-92
227            </intent-filter>
228        </receiver>
229
230        <service
230-->[com.google.android.datatransport:transport-backend-cct:3.1.9] AndroidManifest.xml:28:9-34:19
231            android:name="com.google.android.datatransport.runtime.backends.TransportBackendDiscovery"
231-->[com.google.android.datatransport:transport-backend-cct:3.1.9] AndroidManifest.xml:29:13-103
232            android:exported="false" >
232-->[com.google.android.datatransport:transport-backend-cct:3.1.9] AndroidManifest.xml:30:13-37
233            <meta-data
233-->[com.google.android.datatransport:transport-backend-cct:3.1.9] AndroidManifest.xml:31:13-33:39
234                android:name="backend:com.google.android.datatransport.cct.CctBackendFactory"
234-->[com.google.android.datatransport:transport-backend-cct:3.1.9] AndroidManifest.xml:32:17-94
235                android:value="cct" />
235-->[com.google.android.datatransport:transport-backend-cct:3.1.9] AndroidManifest.xml:33:17-36
236        </service>
237        <service
237-->[com.google.android.datatransport:transport-runtime:3.1.9] AndroidManifest.xml:26:9-30:19
238            android:name="com.google.android.datatransport.runtime.scheduling.jobscheduling.JobInfoSchedulerService"
238-->[com.google.android.datatransport:transport-runtime:3.1.9] AndroidManifest.xml:27:13-117
239            android:exported="false"
239-->[com.google.android.datatransport:transport-runtime:3.1.9] AndroidManifest.xml:28:13-37
240            android:permission="android.permission.BIND_JOB_SERVICE" >
240-->[com.google.android.datatransport:transport-runtime:3.1.9] AndroidManifest.xml:29:13-69
241        </service>
242
243        <receiver
243-->[com.google.android.datatransport:transport-runtime:3.1.9] AndroidManifest.xml:32:9-34:40
244            android:name="com.google.android.datatransport.runtime.scheduling.jobscheduling.AlarmManagerSchedulerBroadcastReceiver"
244-->[com.google.android.datatransport:transport-runtime:3.1.9] AndroidManifest.xml:33:13-132
245            android:exported="false" />
245-->[com.google.android.datatransport:transport-runtime:3.1.9] AndroidManifest.xml:34:13-37
246    </application>
247
248</manifest>